<?xml version="1.0" encoding="UTF-8"?>
<robot generator="Robot 7.4.2 (Python 3.12.9 on win32)" generated="2026-03-25T14:45:28.089355" rpa="false" schemaversion="5">
<suite id="s1" name="Login Navigate Patients" source="D:\code\Mini-Project-group13\tests\login_navigate_patients.robot">
<test id="s1-t1" name="Login And Navigate To Patients Page" line="11">
<kw name="Evaluate" owner="BuiltIn">
<msg time="2026-03-25T14:45:28.746056" level="INFO">${options} = &lt;selenium.webdriver.chrome.options.Options object at 0x0000020FF2F74C20&gt;</msg>
<var>${options}</var>
<arg>sys.modules['selenium.webdriver'].ChromeOptions()</arg>
<arg>sys</arg>
<doc>Evaluates the given expression in Python and returns the result.</doc>
<status status="PASS" start="2026-03-25T14:45:28.746056" elapsed="0.000000"/>
</kw>
<kw name="Call Method" owner="BuiltIn">
<arg>${options}</arg>
<arg>add_argument</arg>
<arg>--headless</arg>
<doc>Calls the named method of the given object with the provided arguments.</doc>
<status status="PASS" start="2026-03-25T14:45:28.746056" elapsed="0.000000"/>
</kw>
<kw name="Call Method" owner="BuiltIn">
<arg>${options}</arg>
<arg>add_argument</arg>
<arg>--no-sandbox</arg>
<doc>Calls the named method of the given object with the provided arguments.</doc>
<status status="PASS" start="2026-03-25T14:45:28.746056" elapsed="0.000000"/>
</kw>
<kw name="Call Method" owner="BuiltIn">
<arg>${options}</arg>
<arg>add_argument</arg>
<arg>--disable-dev-shm-usage</arg>
<doc>Calls the named method of the given object with the provided arguments.</doc>
<status status="PASS" start="2026-03-25T14:45:28.746056" elapsed="0.000000"/>
</kw>
<kw name="Create Webdriver" owner="SeleniumLibrary">
<msg time="2026-03-25T14:45:28.786424" level="INFO">Creating an instance of the Chrome WebDriver.</msg>
<arg>Chrome</arg>
<arg>options=${options}</arg>
<doc>Creates an instance of Selenium WebDriver.</doc>
<status status="PASS" start="2026-03-25T14:45:28.746056" elapsed="1.373805"/>
</kw>
<kw name="Set Selenium Implicit Wait" owner="SeleniumLibrary">
<arg>${WAIT_TIME}</arg>
<doc>Sets the implicit wait value used by Selenium.</doc>
<status status="PASS" start="2026-03-25T14:45:30.119861" elapsed="0.004905"/>
</kw>
<kw name="Go To" owner="SeleniumLibrary">
<msg time="2026-03-25T14:45:30.126366" level="INFO">Opening url 'http://localhost:5173'</msg>
<arg>${URL}</arg>
<doc>Navigates the current browser window to the provided ``url``.</doc>
<status status="PASS" start="2026-03-25T14:45:30.125679" elapsed="1.230104"/>
</kw>
<kw name="Wait Until Page Contains Element" owner="SeleniumLibrary">
<arg>xpath=//input[@type='password']</arg>
<arg>${WAIT_TIME}</arg>
<doc>Waits until the element ``locator`` appears on the current page.</doc>
<status status="PASS" start="2026-03-25T14:45:31.360625" elapsed="0.110354"/>
</kw>
<kw name="Input Text" owner="SeleniumLibrary">
<msg time="2026-03-25T14:45:31.470979" level="INFO">Typing text 'testuser' into text field 'xpath=//input[@type='text']'.</msg>
<arg>xpath=//input[@type='text']</arg>
<arg>${TEST_USERNAME}</arg>
<doc>Types the given ``text`` into the text field identified by ``locator``.</doc>
<status status="PASS" start="2026-03-25T14:45:31.470979" elapsed="0.247734"/>
</kw>
<kw name="Input Text" owner="SeleniumLibrary">
<msg time="2026-03-25T14:45:31.718713" level="INFO">Typing text 'testpassword' into text field 'xpath=//input[@type='password']'.</msg>
<arg>xpath=//input[@type='password']</arg>
<arg>${TEST_PASSWORD}</arg>
<doc>Types the given ``text`` into the text field identified by ``locator``.</doc>
<status status="PASS" start="2026-03-25T14:45:31.718713" elapsed="0.195443"/>
</kw>
<kw name="Click Button" owner="SeleniumLibrary">
<msg time="2026-03-25T14:45:31.914156" level="INFO">Clicking button 'xpath=//button[contains(text(), 'Login')]'.</msg>
<arg>xpath=//button[contains(text(), 'Login')]</arg>
<doc>Clicks the button identified by ``locator``.</doc>
<status status="PASS" start="2026-03-25T14:45:31.914156" elapsed="0.160163"/>
</kw>
<kw name="Go To" owner="SeleniumLibrary">
<msg time="2026-03-25T14:45:32.075091" level="INFO">Opening url 'http://localhost:5173/patients'</msg>
<arg>${URL}/patients</arg>
<doc>Navigates the current browser window to the provided ``url``.</doc>
<status status="PASS" start="2026-03-25T14:45:32.075091" elapsed="0.687857"/>
</kw>
<kw name="Wait Until Page Contains Element" owner="SeleniumLibrary">
<msg time="2026-03-25T14:45:48.112433" level="INFO" html="true">&lt;/td&gt;&lt;/tr&gt;&lt;tr&gt;&lt;td colspan="3"&gt;&lt;a href="selenium-screenshot-2.png"&gt;&lt;img src="selenium-screenshot-2.png" width="800px"&gt;&lt;/a&gt;</msg>
<msg time="2026-03-25T14:45:48.112433" level="FAIL">Element 'xpath=//button[contains(text(), 'Add Patient')]' did not appear in 15 seconds.</msg>
<arg>xpath=//button[contains(text(), 'Add Patient')]</arg>
<arg>${WAIT_TIME}</arg>
<doc>Waits until the element ``locator`` appears on the current page.</doc>
<status status="FAIL" start="2026-03-25T14:45:32.762948" elapsed="15.355375">Element 'xpath=//button[contains(text(), 'Add Patient')]' did not appear in 15 seconds.</status>
</kw>
<kw name="Capture Page Screenshot" owner="SeleniumLibrary">
<arg>patients_page_loaded.png</arg>
<doc>Takes a screenshot of the current page and embeds it into a log file.</doc>
<status status="NOT RUN" start="2026-03-25T14:45:48.118323" elapsed="0.000000"/>
</kw>
<kw name="Close Browser" owner="SeleniumLibrary">
<doc>Closes the current browser.</doc>
<status status="NOT RUN" start="2026-03-25T14:45:48.118323" elapsed="0.000000"/>
</kw>
<status status="FAIL" start="2026-03-25T14:45:28.746056" elapsed="19.372267">Element 'xpath=//button[contains(text(), 'Add Patient')]' did not appear in 15 seconds.</status>
</test>
<status status="FAIL" start="2026-03-25T14:45:28.089355" elapsed="20.032470"/>
</suite>
<statistics>
<total>
<stat pass="0" fail="1" skip="0">All Tests</stat>
</total>
<tag>
</tag>
<suite>
<stat name="Login Navigate Patients" id="s1" pass="0" fail="1" skip="0">Login Navigate Patients</stat>
</suite>
</statistics>
<errors>
</errors>
</robot>
